2024-10-16 20:36:06 - WARNING - 第 1 次尝试失败: ('Connection aborted.', BadStatusLine('<html>\r\n'))
2024-10-16 20:36:06 - INFO - 5 秒后重试...
2024-10-16 20:36:18 - WARNING - 第 2 次尝试失败: HTTPSConnectionPool(host='wuhan.anjuke.com', port=443): Read timed out. (read timeout=5)
2024-10-16 20:36:18 - INFO - 5 秒后重试...
2024-10-16 20:36:28 - WARNING - 第 3 次尝试失败: HTTPSConnectionPool(host='wuhan.anjuke.com', port=443): Max retries exceeded with url: /sale/p1/?from=esf_list (Caused by ProxyError('Unable to connect to proxy', ConnectTimeoutError(<urllib3.connection.HTTPSConnection object at 0x72cc300083e0>, 'Connection to 79.110.202.131 timed out. (connect timeout=5)')))
2024-10-16 20:36:28 - INFO - 5 秒后重试...
2024-10-16 20:36:38 - WARNING - 第 4 次尝试失败: HTTPSConnectionPool(host='wuhan.anjuke.com', port=443): Max retries exceeded with url: /sale/p1/?from=esf_list (Caused by ProxyError('Unable to connect to proxy', ConnectTimeoutError(<urllib3.connection.HTTPSConnection object at 0x72cc30009a60>, 'Connection to 111.1.61.53 timed out. (connect timeout=5)')))
2024-10-16 20:36:38 - INFO - 5 秒后重试...
2024-10-16 20:36:49 - WARNING - 第 6 次尝试失败: ('Connection aborted.', BadStatusLine('<html>\r\n'))
2024-10-16 20:36:49 - INFO - 5 秒后重试...
2024-10-16 20:36:55 - WARNING - 第 7 次尝试失败: HTTPSConnectionPool(host='wuhan.anjuke.com', port=443): Max retries exceeded with url: /sale/p1/?from=esf_list (Caused by ProxyError('Unable to connect to proxy', OSError('Tunnel connection failed: 400 Bad Request')))
2024-10-16 20:36:55 - INFO - 5 秒后重试...
2024-10-16 20:37:01 - WARNING - 第 8 次尝试失败: HTTPSConnectionPool(host='wuhan.anjuke.com', port=443): Max retries exceeded with url: /sale/p1/?from=esf_list (Caused by ProxyError('Unable to connect to proxy', OSError('Tunnel connection failed: 405 Not Allowed')))
2024-10-16 20:37:01 - INFO - 5 秒后重试...
2024-10-16 20:37:06 - WARNING - 第 9 次尝试失败: HTTPSConnectionPool(host='wuhan.anjuke.com', port=443): Max retries exceeded with url: /sale/p1/?from=esf_list (Caused by ProxyError('Unable to connect to proxy', OSError('Tunnel connection failed: 500 Internal Server Error')))
2024-10-16 20:37:06 - INFO - 5 秒后重试...
2024-10-16 20:37:16 - WARNING - 第 10 次尝试失败: HTTPSConnectionPool(host='wuhan.anjuke.com', port=443): Max retries exceeded with url: /sale/p1/?from=esf_list (Caused by ProxyError('Unable to connect to proxy', ConnectTimeoutError(<urllib3.connection.HTTPSConnection object at 0x72cc3002c680>, 'Connection to 192.9.237.224 timed out. (connect timeout=5)')))
2024-10-16 20:37:16 - INFO - 5 秒后重试...
2024-10-16 20:37:21 - WARNING - 第 11 次尝试失败: ('Connection aborted.', BadStatusLine('<html>\r\n'))
2024-10-16 20:37:21 - INFO - 5 秒后重试...
2024-10-16 20:37:31 - WARNING - 第 12 次尝试失败: HTTPSConnectionPool(host='wuhan.anjuke.com', port=443): Max retries exceeded with url: /sale/p1/?from=esf_list (Caused by ProxyError('Unable to connect to proxy', ConnectTimeoutError(<urllib3.connection.HTTPSConnection object at 0x72cc3000b2f0>, 'Connection to 47.121.182.88 timed out. (connect timeout=5)')))
2024-10-16 20:37:31 - INFO - 5 秒后重试...
2024-10-16 20:37:41 - WARNING - 第 13 次尝试失败: HTTPSConnectionPool(host='wuhan.anjuke.com', port=443): Max retries exceeded with url: /sale/p1/?from=esf_list (Caused by ProxyError('Unable to connect to proxy', ConnectTimeoutError(<urllib3.connection.HTTPSConnection object at 0x72cc3000b980>, 'Connection to 111.1.61.53 timed out. (connect timeout=5)')))
2024-10-16 20:37:41 - INFO - 5 秒后重试...
2024-10-16 20:37:51 - WARNING - 第 14 次尝试失败: HTTPSConnectionPool(host='wuhan.anjuke.com', port=443): Max retries exceeded with url: /sale/p1/?from=esf_list (Caused by ProxyError('Unable to connect to proxy', ConnectTimeoutError(<urllib3.connection.HTTPSConnection object at 0x72cc3002c3b0>, 'Connection to 42.3.187.52 timed out. (connect timeout=5)')))
2024-10-16 20:37:51 - INFO - 5 秒后重试...
2024-10-16 20:38:03 - WARNING - 第 1 次尝试失败: HTTPSConnectionPool(host='wuhan.anjuke.com', port=443): Max retries exceeded with url: /sale/p2/?from=esf_list (Caused by ProxyError('Unable to connect to proxy', OSError('Tunnel connection failed: 400 Bad Request')))
2024-10-16 20:38:03 - INFO - 5 秒后重试...
2024-10-16 20:38:08 - WARNING - 第 2 次尝试失败: HTTPSConnectionPool(host='wuhan.anjuke.com', port=443): Max retries exceeded with url: /sale/p2/?from=esf_list (Caused by ProxyError('Unable to connect to proxy', OSError('Tunnel connection failed: 400 Bad Request')))
2024-10-16 20:38:08 - INFO - 5 秒后重试...
2024-10-16 20:38:14 - WARNING - 第 3 次尝试失败: HTTPSConnectionPool(host='wuhan.anjuke.com', port=443): Max retries exceeded with url: /sale/p2/?from=esf_list (Caused by ProxyError('Unable to connect to proxy', OSError('Tunnel connection failed: 400 Bad Request')))
2024-10-16 20:38:14 - INFO - 5 秒后重试...
2024-10-16 20:38:19 - WARNING - 第 4 次尝试失败: ('Connection aborted.', BadStatusLine('<html>\r\n'))
2024-10-16 20:38:19 - INFO - 5 秒后重试...
2024-10-16 20:38:24 - WARNING - 第 5 次尝试失败: HTTPSConnectionPool(host='wuhan.anjuke.com', port=443): Max retries exceeded with url: /sale/p2/?from=esf_list (Caused by ProxyError('Unable to connect to proxy', OSError('Tunnel connection failed: 400 Bad Request')))
2024-10-16 20:38:24 - INFO - 5 秒后重试...
2024-10-16 20:38:30 - WARNING - 第 6 次尝试失败: HTTPSConnectionPool(host='wuhan.anjuke.com', port=443): Max retries exceeded with url: /sale/p2/?from=esf_list (Caused by ProxyError('Unable to connect to proxy', OSError('Tunnel connection failed: 400 Bad Request')))
2024-10-16 20:38:30 - INFO - 5 秒后重试...
2024-10-16 20:38:35 - WARNING - 第 7 次尝试失败: HTTPSConnectionPool(host='wuhan.anjuke.com', port=443): Max retries exceeded with url: /sale/p2/?from=esf_list (Caused by ProxyError('Unable to connect to proxy', OSError('Tunnel connection failed: 400 Bad Request')))
2024-10-16 20:38:35 - INFO - 5 秒后重试...
2024-10-16 20:38:40 - WARNING - 第 8 次尝试失败: HTTPSConnectionPool(host='wuhan.anjuke.com', port=443): Max retries exceeded with url: /sale/p2/?from=esf_list (Caused by ProxyError('Unable to connect to proxy', OSError('Tunnel connection failed: 400 Bad Request')))
2024-10-16 20:38:40 - INFO - 5 秒后重试...
2024-10-16 20:38:47 - WARNING - 第 9 次尝试失败: HTTPSConnectionPool(host='wuhan.anjuke.com', port=443): Max retries exceeded with url: /sale/p2/?from=esf_list (Caused by ProxyError('Unable to connect to proxy', OSError('Tunnel connection failed: 400 Bad Request')))
2024-10-16 20:38:47 - INFO - 5 秒后重试...
2024-10-16 20:38:52 - WARNING - 第 10 次尝试失败: ('Connection aborted.', BadStatusLine('<html>\r\n'))
2024-10-16 20:38:52 - INFO - 5 秒后重试...
2024-10-16 20:39:02 - WARNING - 第 11 次尝试失败: HTTPSConnectionPool(host='wuhan.anjuke.com', port=443): Max retries exceeded with url: /sale/p2/?from=esf_list (Caused by ProxyError('Unable to connect to proxy', ConnectTimeoutError(<urllib3.connection.HTTPSConnection object at 0x72cc30009160>, 'Connection to 192.9.237.224 timed out. (connect timeout=5)')))
2024-10-16 20:39:02 - INFO - 5 秒后重试...
2024-10-16 20:39:12 - WARNING - 第 12 次尝试失败: HTTPSConnectionPool(host='wuhan.anjuke.com', port=443): Max retries exceeded with url: /sale/p2/?from=esf_list (Caused by ProxyError('Unable to connect to proxy', ConnectTimeoutError(<urllib3.connection.HTTPSConnection object at 0x72cc30009730>, 'Connection to 79.110.202.131 timed out. (connect timeout=5)')))
2024-10-16 20:39:12 - INFO - 5 秒后重试...
2024-10-16 20:39:17 - WARNING - 第 13 次尝试失败: HTTPSConnectionPool(host='wuhan.anjuke.com', port=443): Max retries exceeded with url: /sale/p2/?from=esf_list (Caused by ProxyError('Unable to connect to proxy', OSError('Tunnel connection failed: 400 Bad Request')))
2024-10-16 20:39:17 - INFO - 5 秒后重试...
2024-10-16 20:39:24 - WARNING - 第 14 次尝试失败: HTTPSConnectionPool(host='wuhan.anjuke.com', port=443): Max retries exceeded with url: /sale/p2/?from=esf_list (Caused by ProxyError('Unable to connect to proxy', OSError('Tunnel connection failed: 405 Not Allowed')))
2024-10-16 20:39:24 - INFO - 5 秒后重试...
2024-10-16 20:39:29 - WARNING - 第 15 次尝试失败: HTTPSConnectionPool(host='wuhan.anjuke.com', port=443): Max retries exceeded with url: /sale/p2/?from=esf_list (Caused by ProxyError('Unable to connect to proxy', OSError('Tunnel connection failed: 400 Bad Request')))
2024-10-16 20:39:29 - ERROR - 重试次数已达上限，无法获取页面: https://wuhan.anjuke.com/sale/p2/?from=esf_list
